<?xml version="1.0" encoding="UTF-8"?>
<!-- Generated by org.testng.reporters.JUnitReportReporter -->
<testsuite hostname="Babus-iMac.local" failures="0" tests="1" name="testcases.TC004_DeleteLead" time="58.837" errors="0" timestamp="2024-11-28T17:30:55 IST" skipped="0">
  <testcase classname="testcases.TC004_DeleteLead" name="runDeleteLead" time="58.837"/>
  <system-out/>
</testsuite> <!-- testcases.TC004_DeleteLead -->
