<?xml version="1.0" encoding="UTF-8"?>
<!-- Generated by org.testng.reporters.JUnitReportReporter -->
<testsuite hostname="Babus-iMac.local" failures="0" tests="1" name="testcases.TC001_CreateLead" time="64.655" errors="0" timestamp="2024-11-28T17:30:55 IST" skipped="0">
  <testcase classname="testcases.TC001_CreateLead" name="runCreateLead" time="64.655"/>
  <system-out/>
</testsuite> <!-- testcases.TC001_CreateLead -->
