<?xml version="1.0" encoding="UTF-8"?>
<!-- Generated by org.testng.reporters.JUnitReportReporter -->
<testsuite hostname="Babus-iMac.local" failures="0" tests="1" name="testcases.TC002_EditLead" time="49.243" errors="0" timestamp="2024-11-28T17:30:55 IST" skipped="0">
  <testcase classname="testcases.TC002_EditLead" name="runEditLead" time="49.243"/>
  <system-out/>
</testsuite> <!-- testcases.TC002_EditLead -->
